{"/home/lana/Project/Hexlet/frontend-project-46/index.js": {"path":"/home/lana/Project/Hexlet/frontend-project-46/index.js","statementMap":{"0":{"start":{"line":5,"column":20},"end":{"line":24,"column":1}},"1":{"start":{"line":6,"column":21},"end":{"line":6,"column":77}},"2":{"start":{"line":7,"column":27},"end":{"line":7,"column":47}},"3":{"start":{"line":8,"column":17},"end":{"line":8,"column":19}},"4":{"start":{"line":10,"column":2},"end":{"line":21,"column":5}},"5":{"start":{"line":11,"column":4},"end":{"line":20,"column":5}},"6":{"start":{"line":12,"column":6},"end":{"line":12,"column":43}},"7":{"start":{"line":13,"column":11},"end":{"line":20,"column":5}},"8":{"start":{"line":14,"column":6},"end":{"line":14,"column":42}},"9":{"start":{"line":15,"column":11},"end":{"line":20,"column":5}},"10":{"start":{"line":16,"column":6},"end":{"line":16,"column":42}},"11":{"start":{"line":17,"column":6},"end":{"line":17,"column":43}},"12":{"start":{"line":19,"column":6},"end":{"line":19,"column":42}},"13":{"start":{"line":23,"column":2},"end":{"line":23,"column":16}},"14":{"start":{"line":26,"column":20},"end":{"line":36,"column":1}},"15":{"start":{"line":27,"column":12},"end":{"line":27,"column":17}},"16":{"start":{"line":28,"column":27},"end":{"line":28,"column":46}},"17":{"start":{"line":29,"column":2},"end":{"line":31,"column":5}},"18":{"start":{"line":30,"column":4},"end":{"line":30,"column":48}},"19":{"start":{"line":33,"column":2},"end":{"line":33,"column":13}},"20":{"start":{"line":35,"column":2},"end":{"line":35,"column":13}},"21":{"start":{"line":39,"column":20},"end":{"line":39,"column":68}},"22":{"start":{"line":40,"column":24},"end":{"line":40,"column":47}},"23":{"start":{"line":41,"column":21},"end":{"line":41,"column":69}},"24":{"start":{"line":42,"column":25},"end":{"line":42,"column":48}},"25":{"start":{"line":47,"column":2},"end":{"line":49,"column":3}},"26":{"start":{"line":48,"column":4},"end":{"line":48,"column":42}},"27":{"start":{"line":51,"column":2},"end":{"line":53,"column":3}},"28":{"start":{"line":52,"column":4},"end":{"line":52,"column":44}},"29":{"start":{"line":55,"column":24},"end":{"line":55,"column":66}},"30":{"start":{"line":57,"column":2},"end":{"line":57,"column":36}}},"fnMap":{"0":{"name":"(anonymous_0)","decl":{"start":{"line":5,"column":20},"end":{"line":5,"column":21}},"loc":{"start":{"line":5,"column":47},"end":{"line":24,"column":1}},"line":5},"1":{"name":"(anonymous_1)","decl":{"start":{"line":10,"column":27},"end":{"line":10,"column":28}},"loc":{"start":{"line":10,"column":36},"end":{"line":21,"column":3}},"line":10},"2":{"name":"(anonymous_2)","decl":{"start":{"line":26,"column":20},"end":{"line":26,"column":21}},"loc":{"start":{"line":26,"column":29},"end":{"line":36,"column":1}},"line":26},"3":{"name":"(anonymous_3)","decl":{"start":{"line":29,"column":27},"end":{"line":29,"column":28}},"loc":{"start":{"line":29,"column":41},"end":{"line":31,"column":3}},"line":29},"4":{"name":"genDiff","decl":{"start":{"line":38,"column":9},"end":{"line":38,"column":16}},"loc":{"start":{"line":38,"column":39},"end":{"line":58,"column":1}},"line":38}},"branchMap":{"0":{"loc":{"start":{"line":11,"column":4},"end":{"line":20,"column":5}},"type":"if","locations":[{"start":{"line":11,"column":4},"end":{"line":20,"column":5}},{"start":{"line":13,"column":11},"end":{"line":20,"column":5}}],"line":11},"1":{"loc":{"start":{"line":13,"column":11},"end":{"line":20,"column":5}},"type":"if","locations":[{"start":{"line":13,"column":11},"end":{"line":20,"column":5}},{"start":{"line":15,"column":11},"end":{"line":20,"column":5}}],"line":13},"2":{"loc":{"start":{"line":15,"column":11},"end":{"line":20,"column":5}},"type":"if","locations":[{"start":{"line":15,"column":11},"end":{"line":20,"column":5}},{"start":{"line":18,"column":11},"end":{"line":20,"column":5}}],"line":15},"3":{"loc":{"start":{"line":47,"column":2},"end":{"line":49,"column":3}},"type":"if","locations":[{"start":{"line":47,"column":2},"end":{"line":49,"column":3}},{"start":{},"end":{}}],"line":47},"4":{"loc":{"start":{"line":51,"column":2},"end":{"line":53,"column":3}},"type":"if","locations":[{"start":{"line":51,"column":2},"end":{"line":53,"column":3}},{"start":{},"end":{}}],"line":51}},"s":{"0":1,"1":1,"2":1,"3":1,"4":1,"5":5,"6":1,"7":4,"8":2,"9":2,"10":1,"11":1,"12":1,"13":1,"14":1,"15":1,"16":1,"17":1,"18":6,"19":1,"20":1,"21":1,"22":1,"23":1,"24":1,"25":1,"26":1,"27":1,"28":1,"29":1,"30":1},"f":{"0":1,"1":5,"2":1,"3":6,"4":1},"b":{"0":[1,4],"1":[2,2],"2":[1,1],"3":[1,0],"4":[1,0]},"_coverageSchema":"1a1c01bbd47fc00a2c39e90264f33305004495a9","hash":"40452976d3eeb3d9a49a1bd61170ce8c09a9c6eb"}
}
