TN:
SF:index.js
FN:5,(anonymous_0)
FN:10,(anonymous_1)
FN:26,(anonymous_2)
FN:29,(anonymous_3)
FN:38,genDiff
FNF:5
FNH:5
FNDA:1,(anonymous_0)
FNDA:5,(anonymous_1)
FNDA:1,(anonymous_2)
FNDA:6,(anonymous_3)
FNDA:1,genDiff
DA:5,1
DA:6,1
DA:7,1
DA:8,1
DA:10,1
DA:11,5
DA:12,1
DA:13,4
DA:14,2
DA:15,2
DA:16,1
DA:17,1
DA:19,1
DA:23,1
DA:26,1
DA:27,1
DA:28,1
DA:29,1
DA:30,6
DA:33,1
DA:35,1
DA:39,1
DA:40,1
DA:41,1
DA:42,1
DA:47,1
DA:48,1
DA:51,1
DA:52,1
DA:55,1
DA:57,1
LF:31
LH:31
BRDA:11,0,0,1
BRDA:11,0,1,4
BRDA:13,1,0,2
BRDA:13,1,1,2
BRDA:15,2,0,1
BRDA:15,2,1,1
BRDA:47,3,0,1
BRDA:47,3,1,0
BRDA:51,4,0,1
BRDA:51,4,1,0
BRF:10
BRH:8
end_of_record
